<?xml version="1.0" encoding="UTF-8"?>
<testng-results skipped="0" failed="0" ignored="0" total="8" passed="8">
  <reporter-output>
  </reporter-output>
  <suite name="All Test Suite" duration-ms="488691" started-at="2023-05-05T12:58:23 IST" finished-at="2023-05-05T13:06:32 IST">
    <groups>
    </groups>
    <test name="SimpliLearnCucumber_Author_MuthuRaja" duration-ms="488691" started-at="2023-05-05T12:58:23 IST" finished-at="2023-05-05T13:06:32 IST">
      <class name="TestNGTests.RestAssuredTests">
        <test-method status="PASS" signature="getFlights()[pri:0, instance:TestNGTests.RestAssuredTests@47db50c5]" name="getFlights" duration-ms="1929" started-at="2023-05-05T12:58:23 IST" finished-at="2023-05-05T12:58:25 IST">
          <reporter-output>
          </reporter-output>
        </test-method> <!-- getFlights -->
      </class> <!-- TestNGTests.RestAssuredTests -->
      <class name="TestNGTests.BookingDotComTests">
        <test-method status="PASS" signature="setup()[pri:0, instance:TestNGTests.BookingDotComTests@8e24743]" name="setup" is-config="true" duration-ms="8150" started-at="2023-05-05T12:58:23 IST" finished-at="2023-05-05T12:58:31 IST">
          <reporter-output>
          </reporter-output>
        </test-method> <!-- setup -->
        <test-method status="PASS" signature="onewayBusiness()[pri:0, instance:TestNGTests.BookingDotComTests@8e24743]" name="onewayBusiness" duration-ms="48189" started-at="2023-05-05T12:58:31 IST" finished-at="2023-05-05T12:59:19 IST">
          <reporter-output>
          </reporter-output>
        </test-method> <!-- onewayBusiness -->
        <test-method status="PASS" signature="teardown()[pri:0, instance:TestNGTests.BookingDotComTests@8e24743]" name="teardown" is-config="true" duration-ms="180" started-at="2023-05-05T12:59:19 IST" finished-at="2023-05-05T12:59:20 IST">
          <reporter-output>
          </reporter-output>
        </test-method> <!-- teardown -->
        <test-method status="PASS" signature="setup()[pri:0, instance:TestNGTests.BookingDotComTests@8e24743]" name="setup" is-config="true" duration-ms="6025" started-at="2023-05-05T12:59:20 IST" finished-at="2023-05-05T12:59:26 IST">
          <reporter-output>
          </reporter-output>
        </test-method> <!-- setup -->
        <test-method status="PASS" signature="onewayEconomy()[pri:0, instance:TestNGTests.BookingDotComTests@8e24743]" name="onewayEconomy" duration-ms="65508" started-at="2023-05-05T12:59:26 IST" finished-at="2023-05-05T13:00:31 IST">
          <reporter-output>
          </reporter-output>
        </test-method> <!-- onewayEconomy -->
        <test-method status="PASS" signature="teardown()[pri:0, instance:TestNGTests.BookingDotComTests@8e24743]" name="teardown" is-config="true" duration-ms="129" started-at="2023-05-05T13:00:31 IST" finished-at="2023-05-05T13:00:31 IST">
          <reporter-output>
          </reporter-output>
        </test-method> <!-- teardown -->
        <test-method status="PASS" signature="setup()[pri:0, instance:TestNGTests.BookingDotComTests@8e24743]" name="setup" is-config="true" duration-ms="5021" started-at="2023-05-05T13:00:31 IST" finished-at="2023-05-05T13:00:36 IST">
          <reporter-output>
          </reporter-output>
        </test-method> <!-- setup -->
        <test-method status="PASS" signature="onewayFirstClass()[pri:0, instance:TestNGTests.BookingDotComTests@8e24743]" name="onewayFirstClass" duration-ms="80708" started-at="2023-05-05T13:00:36 IST" finished-at="2023-05-05T13:01:57 IST">
          <reporter-output>
          </reporter-output>
        </test-method> <!-- onewayFirstClass -->
        <test-method status="PASS" signature="teardown()[pri:0, instance:TestNGTests.BookingDotComTests@8e24743]" name="teardown" is-config="true" duration-ms="164" started-at="2023-05-05T13:01:57 IST" finished-at="2023-05-05T13:01:57 IST">
          <reporter-output>
          </reporter-output>
        </test-method> <!-- teardown -->
        <test-method status="PASS" signature="setup()[pri:0, instance:TestNGTests.BookingDotComTests@8e24743]" name="setup" is-config="true" duration-ms="4843" started-at="2023-05-05T13:01:57 IST" finished-at="2023-05-05T13:02:02 IST">
          <reporter-output>
          </reporter-output>
        </test-method> <!-- setup -->
        <test-method status="PASS" signature="onewayPremiumEconomy()[pri:0, instance:TestNGTests.BookingDotComTests@8e24743]" name="onewayPremiumEconomy" duration-ms="66147" started-at="2023-05-05T13:02:02 IST" finished-at="2023-05-05T13:03:08 IST">
          <reporter-output>
          </reporter-output>
        </test-method> <!-- onewayPremiumEconomy -->
        <test-method status="PASS" signature="teardown()[pri:0, instance:TestNGTests.BookingDotComTests@8e24743]" name="teardown" is-config="true" duration-ms="166" started-at="2023-05-05T13:03:08 IST" finished-at="2023-05-05T13:03:08 IST">
          <reporter-output>
          </reporter-output>
        </test-method> <!-- teardown -->
        <test-method status="PASS" signature="setup()[pri:0, instance:TestNGTests.BookingDotComTests@8e24743]" name="setup" is-config="true" duration-ms="6296" started-at="2023-05-05T13:03:08 IST" finished-at="2023-05-05T13:03:15 IST">
          <reporter-output>
          </reporter-output>
        </test-method> <!-- setup -->
        <test-method status="PASS" signature="roundTripBusiness()[pri:0, instance:TestNGTests.BookingDotComTests@8e24743]" name="roundTripBusiness" duration-ms="51980" started-at="2023-05-05T13:03:15 IST" finished-at="2023-05-05T13:04:07 IST">
          <reporter-output>
          </reporter-output>
        </test-method> <!-- roundTripBusiness -->
        <test-method status="PASS" signature="teardown()[pri:0, instance:TestNGTests.BookingDotComTests@8e24743]" name="teardown" is-config="true" duration-ms="123" started-at="2023-05-05T13:04:07 IST" finished-at="2023-05-05T13:04:07 IST">
          <reporter-output>
          </reporter-output>
        </test-method> <!-- teardown -->
        <test-method status="PASS" signature="setup()[pri:0, instance:TestNGTests.BookingDotComTests@8e24743]" name="setup" is-config="true" duration-ms="7159" started-at="2023-05-05T13:04:07 IST" finished-at="2023-05-05T13:04:14 IST">
          <reporter-output>
          </reporter-output>
        </test-method> <!-- setup -->
        <test-method status="PASS" signature="roundTripEconomy()[pri:0, instance:TestNGTests.BookingDotComTests@8e24743]" name="roundTripEconomy" duration-ms="65752" started-at="2023-05-05T13:04:14 IST" finished-at="2023-05-05T13:05:20 IST">
          <reporter-output>
          </reporter-output>
        </test-method> <!-- roundTripEconomy -->
        <test-method status="PASS" signature="teardown()[pri:0, instance:TestNGTests.BookingDotComTests@8e24743]" name="teardown" is-config="true" duration-ms="116" started-at="2023-05-05T13:05:20 IST" finished-at="2023-05-05T13:05:20 IST">
          <reporter-output>
          </reporter-output>
        </test-method> <!-- teardown -->
        <test-method status="PASS" signature="setup()[pri:0, instance:TestNGTests.BookingDotComTests@8e24743]" name="setup" is-config="true" duration-ms="5365" started-at="2023-05-05T13:05:20 IST" finished-at="2023-05-05T13:05:25 IST">
          <reporter-output>
          </reporter-output>
        </test-method> <!-- setup -->
        <test-method status="PASS" signature="roundTripPremiumEconomy()[pri:0, instance:TestNGTests.BookingDotComTests@8e24743]" name="roundTripPremiumEconomy" duration-ms="66392" started-at="2023-05-05T13:05:25 IST" finished-at="2023-05-05T13:06:32 IST">
          <reporter-output>
          </reporter-output>
        </test-method> <!-- roundTripPremiumEconomy -->
        <test-method status="PASS" signature="teardown()[pri:0, instance:TestNGTests.BookingDotComTests@8e24743]" name="teardown" is-config="true" duration-ms="246" started-at="2023-05-05T13:06:32 IST" finished-at="2023-05-05T13:06:32 IST">
          <reporter-output>
          </reporter-output>
        </test-method> <!-- teardown -->
      </class> <!-- TestNGTests.BookingDotComTests -->
    </test> <!-- SimpliLearnCucumber_Author_MuthuRaja -->
  </suite> <!-- All Test Suite -->
</testng-results>
