<?xml version="1.0" encoding="UTF-8"?>
<!-- Generated by org.testng.reporters.JUnitXMLReporter -->
<testsuite hostname="A3375L" ignored="0" name="SimpliLearnCucumber_Author_MuthuRaja" tests="8" failures="0" timestamp="2023-05-05T13:06:32 IST" time="488.691" errors="0">
  <testcase name="getFlights" time="1.929" classname="TestNGTests.RestAssuredTests"/>
  <testcase name="onewayBusiness" time="48.189" classname="TestNGTests.BookingDotComTests"/>
  <testcase name="onewayEconomy" time="65.508" classname="TestNGTests.BookingDotComTests"/>
  <testcase name="onewayFirstClass" time="80.708" classname="TestNGTests.BookingDotComTests"/>
  <testcase name="onewayPremiumEconomy" time="66.147" classname="TestNGTests.BookingDotComTests"/>
  <testcase name="roundTripBusiness" time="51.98" classname="TestNGTests.BookingDotComTests"/>
  <testcase name="roundTripEconomy" time="65.752" classname="TestNGTests.BookingDotComTests"/>
  <testcase name="roundTripPremiumEconomy" time="66.392" classname="TestNGTests.BookingDotComTests"/>
</testsuite> <!-- SimpliLearnCucumber_Author_MuthuRaja -->
